#
# There is insufficient memory for the Java Runtime Environment to continue.
# Native memory allocation (malloc) failed to allocate 1048576 bytes for AllocateHeap
# Possible reasons:
#   The system is out of physical RAM or swap space
#   The process is running with CompressedOops enabled, and the Java Heap may be blocking the growth of the native heap
# Possible solutions:
#   Reduce memory load on the system
#   Increase physical memory or swap space
#   Check if swap backing store is full
#   Decrease Java heap size (-Xmx/-Xms)
#   Decrease number of Java threads
#   Decrease Java thread stack sizes (-Xss)
#   Set larger code cache with -XX:ReservedCodeCacheSize=
#   JVM is running with Zero Based Compressed Oops mode in which the Java heap is
#     placed in the first 32GB address space. The Java Heap base address is the
#     maximum limit for the native heap growth. Please use -XX:HeapBaseMinAddress
#     to set the Java Heap base and to place the Java Heap above 32GB virtual address.
# This output file may be truncated or incomplete.
#
#  Out of Memory Error (memory/allocation.inline.hpp:61), pid=9940, tid=0x0000000000003a74
#
# JRE version:  (8.0_201-b09) (build )
# Java VM: Java HotSpot(TM) 64-Bit Server VM (25.201-b09 mixed mode windows-amd64 compressed oops)
# Failed to write core dump. Minidumps are not enabled by default on client versions of Windows
#

---------------  T H R E A D  ---------------

Current thread (0x0000000002fd3800):  JavaThread "Unknown thread" [_thread_in_vm, id=14964, stack(0x0000000002dd0000,0x0000000002ed0000)]

Stack: [0x0000000002dd0000,0x0000000002ed0000]
[error occurred during error reporting (printing stack bounds), id 0xc0000005]

Native frames: (J=compiled Java code, j=interpreted, Vv=VM code, C=native code)


---------------  P R O C E S S  ---------------

Java Threads: ( => current thread )

Other Threads:

=>0x0000000002fd3800 (exited) JavaThread "Unknown thread" [_thread_in_vm, id=14964, stack(0x0000000002dd0000,0x0000000002ed0000)]

VM state:not at safepoint (normal execution)

VM Mutex/Monitor currently owned by a thread: None

heap address: 0x00000006c1a00000, size: 4070 MB, Compressed Oops mode: Zero based, Oop shift amount: 3
Narrow klass base: 0x0000000000000000, Narrow klass shift: 3
Compressed class space size: 1073741824 Address: 0x00000007c0000000

Heap:
 PSYoungGen      total 76288K, used 1310K [0x000000076b380000, 0x0000000770880000, 0x00000007c0000000)
  eden space 65536K, 2% used [0x000000076b380000,0x000000076b4c7af0,0x000000076f380000)
  from space 10752K, 0% used [0x000000076fe00000,0x000000076fe00000,0x0000000770880000)
  to   space 10752K, 0% used [0x000000076f380000,0x000000076f380000,0x000000076fe00000)
 ParOldGen       total 175104K, used 0K [0x00000006c1a00000, 0x00000006cc500000, 0x000000076b380000)
  object space 175104K, 0% used [0x00000006c1a00000,0x00000006c1a00000,0x00000006cc500000)
 Metaspace       used 775K, capacity 4480K, committed 4480K, reserved 1056768K
  class space    used 76K, capacity 384K, committed 384K, reserved 1048576K

Card table byte_map: [0x0000000012490000,0x0000000012c90000] byte_map_base: 0x000000000ee83000

Marking Bits: (ParMarkBitMap*) 0x0000000073fa4ce0
 Begin Bits: [0x00000000135e0000, 0x0000000017578000)
 End Bits:   [0x0000000017578000, 0x000000001b510000)

Polling page: 0x0000000001270000

CodeCache: size=245760Kb used=328Kb max_used=328Kb free=245431Kb
 bounds [0x00000000030d0000, 0x0000000003340000, 0x00000000120d0000]
 total_blobs=58 nmethods=0 adapters=38
 compilation: enabled

Compilation events (0 events):
No events

GC Heap History (0 events):
No events

Deoptimization events (0 events):
No events

Classes redefined (0 events):
No events

Internal exceptions (0 events):
No events

Events (10 events):
Event: 0.036 loading class java/lang/Short
Event: 0.036 loading class java/lang/Short done
Event: 0.036 loading class java/lang/Integer
Event: 0.036 loading class java/lang/Integer done
Event: 0.036 loading class java/lang/Long
Event: 0.036 loading class java/lang/Long done
Event: 0.037 loading class java/lang/NullPointerException
Event: 0.037 loading class java/lang/NullPointerException done
Event: 0.037 loading class java/lang/ArithmeticException
Event: 0.038 loading class java/lang/ArithmeticException done


Dynamic libraries:
0x00007ff6ca850000 - 0x00007ff6ca887000 	C:\Program Files\Java\jdk1.8.0_201\bin\java.exe
0x00007ffe928a0000 - 0x00007ffe92a90000 	C:\WINDOWS\SYSTEM32\ntdll.dll
0x00007ffe91db0000 - 0x00007ffe91e62000 	C:\WINDOWS\System32\KERNEL32.DLL
0x00007ffe8fad0000 - 0x00007ffe8fd74000 	C:\WINDOWS\System32\KERNELBASE.dll
0x00007ffe92560000 - 0x00007ffe92603000 	C:\WINDOWS\System32\ADVAPI32.dll
0x00007ffe909b0000 - 0x00007ffe90a4e000 	C:\WINDOWS\System32\msvcrt.dll
0x00007ffe90a50000 - 0x00007ffe90ae7000 	C:\WINDOWS\System32\sechost.dll
0x00007ffe92680000 - 0x00007ffe927a0000 	C:\WINDOWS\System32\RPCRT4.dll
0x00007ffe916b0000 - 0x00007ffe91844000 	C:\WINDOWS\System32\USER32.dll
0x00007ffe90880000 - 0x00007ffe908a1000 	C:\WINDOWS\System32\win32u.dll
0x00007ffe92830000 - 0x00007ffe92856000 	C:\WINDOWS\System32\GDI32.dll
0x00007ffe8f880000 - 0x00007ffe8fa16000 	C:\WINDOWS\System32\gdi32full.dll
0x00007ffe90610000 - 0x00007ffe906ae000 	C:\WINDOWS\System32\msvcp_win.dll
0x00007ffe908b0000 - 0x00007ffe909aa000 	C:\WINDOWS\System32\ucrtbase.dll
0x00007ffe7f6a0000 - 0x00007ffe7f924000 	C:\WINDOWS\WinSxS\amd64_microsoft.windows.common-controls_6595b64144ccf1df_6.0.18362.959_none_e6c7bbbf130c62bb\COMCTL32.dll
0x00007ffe90af0000 - 0x00007ffe90e25000 	C:\WINDOWS\System32\combase.dll
0x00007ffe90800000 - 0x00007ffe90880000 	C:\WINDOWS\System32\bcryptPrimitives.dll
0x00007ffe91850000 - 0x00007ffe9187e000 	C:\WINDOWS\System32\IMM32.DLL
0x0000000074760000 - 0x0000000074831000 	C:\Program Files\Java\jdk1.8.0_201\jre\bin\msvcr100.dll
0x0000000073780000 - 0x0000000074024000 	C:\Program Files\Java\jdk1.8.0_201\jre\bin\server\jvm.dll
0x00007ffe91da0000 - 0x00007ffe91da8000 	C:\WINDOWS\System32\PSAPI.DLL
0x00007ffe7d3a0000 - 0x00007ffe7d3a9000 	C:\WINDOWS\SYSTEM32\WSOCK32.dll
0x00007ffe92610000 - 0x00007ffe9267f000 	C:\WINDOWS\System32\WS2_32.dll
0x00007ffe8d590000 - 0x00007ffe8d5b4000 	C:\WINDOWS\SYSTEM32\WINMM.dll
0x00007ffe7df00000 - 0x00007ffe7df0a000 	C:\WINDOWS\SYSTEM32\VERSION.dll
0x00007ffe8d560000 - 0x00007ffe8d58d000 	C:\WINDOWS\SYSTEM32\WINMMBASE.dll
0x00007ffe905c0000 - 0x00007ffe9060a000 	C:\WINDOWS\System32\cfgmgr32.dll
0x00007ffe7fd60000 - 0x00007ffe7fd6f000 	C:\Program Files\Java\jdk1.8.0_201\jre\bin\verify.dll
0x00007ffe7a420000 - 0x00007ffe7a449000 	C:\Program Files\Java\jdk1.8.0_201\jre\bin\java.dll
0x00007ffe786b0000 - 0x00007ffe786d3000 	C:\Program Files\Java\jdk1.8.0_201\jre\bin\instrument.dll
0x00007ffe7e7f0000 - 0x00007ffe7e806000 	C:\Program Files\Java\jdk1.8.0_201\jre\bin\zip.dll

VM Arguments:
jvm_args: -javaagent:D:\JetBrains\IntelliJ IDEA 2017.3.4\lib\idea_rt.jar=51438:D:\JetBrains\IntelliJ IDEA 2017.3.4\bin -Dfile.encoding=UTF-8 
java_command: mqdemo.dianduidian.JMSConsumer02
java_class_path (initial): C:\Program Files\Java\jdk1.8.0_201\jre\lib\charsets.jar;C:\Program Files\Java\jdk1.8.0_201\jre\lib\deploy.jar;C:\Program Files\Java\jdk1.8.0_201\jre\lib\ext\access-bridge-64.jar;C:\Program Files\Java\jdk1.8.0_201\jre\lib\ext\cldrdata.jar;C:\Program Files\Java\jdk1.8.0_201\jre\lib\ext\dnsns.jar;C:\Program Files\Java\jdk1.8.0_201\jre\lib\ext\jaccess.jar;C:\Program Files\Java\jdk1.8.0_201\jre\lib\ext\jfxrt.jar;C:\Program Files\Java\jdk1.8.0_201\jre\lib\ext\localedata.jar;C:\Program Files\Java\jdk1.8.0_201\jre\lib\ext\nashorn.jar;C:\Program Files\Java\jdk1.8.0_201\jre\lib\ext\sunec.jar;C:\Program Files\Java\jdk1.8.0_201\jre\lib\ext\sunjce_provider.jar;C:\Program Files\Java\jdk1.8.0_201\jre\lib\ext\sunmscapi.jar;C:\Program Files\Java\jdk1.8.0_201\jre\lib\ext\sunpkcs11.jar;C:\Program Files\Java\jdk1.8.0_201\jre\lib\ext\zipfs.jar;C:\Program Files\Java\jdk1.8.0_201\jre\lib\javaws.jar;C:\Program Files\Java\jdk1.8.0_201\jre\lib\jce.jar;C:\Program Files\Java\jdk1.8.0_201\jre\lib\jfr.jar;C:\Program Files\Java\jdk1.8.0_201\jre\lib\jfxswt.jar;C:\Program Files\Java\jdk1.8.0_201\jre\lib\jsse.jar;C:\Program Files\Java\jdk1.8.0_201\jre\lib\management-agent.jar;C:\Program Files\Java\jdk1.8.0_201\jre\lib\plugin.jar;C:\Program Files\Java\jdk1.8.0_201\jre\lib\resources.jar;C:\Program Files\Java\jdk1.8.0_201\jre\lib\rt.jar;D:\basicbasic\basic_knowledges\target\classes;C:\Users\guhuiyuan\.m2\repository\org\apache\activemq\activemq-core\5.7.0\activemq-core-5.7.0.jar;C:\Users\guhuiyuan\.m2\repository\org\slf4j\slf4j-api\1.6.6\slf4j-api-1.6.6.jar;C:\Users\guhuiyuan\.m2\repository\org\apache\geronimo\specs\geronimo-jms_1.1_spec\1.1.1\geronimo-jms_1.1_spec-1.1.1.jar;C:\Users\guhuiyuan\.m2\repository\org\apache\activemq\kahadb\5.7.0\kahadb-5.7.0.jar;C:\Users\guhuiyuan\.m2\repository\org\apache\activemq\protobuf\activemq-protobuf\1.1\activemq-protobuf-1.1.jar;C:\Users\guhuiyuan\.m2\repository\org\fusesource\mqtt-client\mqtt-client\1.3\mqtt-client-1.3.jar;C:\Users\guhu
Launcher Type: SUN_STANDARD

Environment Variables:
JAVA_HOME=C:\Program Files\Java\jdk1.8.0_201
CLASSPATH=.;C:\Program Files\Java\jdk1.8.0_201\bin;C:\Program Files\Java\jdk1.8.0_201\lib\dt.jar;C:\Program Files\Java\jdk1.8.0_201\lib\tools.jar;D:\apache-jmeter-5.1.1\lib\ext\ApacheJMeter_core.jar;D:\apache-jmeter-5.1.1\lib\jorphan.jar;
PATH=D:\VanDyke Software\Clients\;C:\Program Files (x86)\Common Files\NetSarang;C:\Program Files (x86)\Common Files\Oracle\Java\javapath;C:\WINDOWS\system32;C:\WINDOWS;C:\WINDOWS\System32\Wbem;C:\WINDOWS\System32\WindowsPowerShell\v1.0\;C:\Program Files\Java\jdk1.8.0_201\bin;C:\Program Files\Java\jdk1.8.0_201\jre\bin;D:\Git\Git\cmd;D:\apache-maven-3.6.0\bin;D:\Git\Git\bin;C:\Program Files\MIT\Kerberos\bin;D:\apache-jmeter-5.1.1\bin;D:\apache-tomcat-7.0.82\\bin;D:\platform-tools;C:\Program Files\nodejs;C:\Program Files\nodejs\node_global;C:\WINDOWS\System32\OpenSSH\;C:\Users\guhuiyuan\AppData\Local\Microsoft\WindowsApps;
USERNAME=guhuiyuan
OS=Windows_NT
PROCESSOR_IDENTIFIER=Intel64 Family 6 Model 142 Stepping 9, GenuineIntel



---------------  S Y S T E M  ---------------

OS: Windows 10.0 , 64 bit Build 18362 (10.0.18362.959)

CPU:total 4 (initial active 4) (2 cores per cpu, 2 threads per core) family 6 model 142 stepping 9, cmov, cx8, fxsr, mmx, sse, sse2, sse3, ssse3, sse4.1, sse4.2, popcnt, avx, avx2, aes, clmul, erms, 3dnowpref, lzcnt, ht, tsc, tscinvbit, bmi1, bmi2, adx

Memory: 4k page, physical 16669912k(685384k free), swap 34752468k(5324k free)

vm_info: Java HotSpot(TM) 64-Bit Server VM (25.201-b09) for windows-amd64 JRE (1.8.0_201-b09), built on Dec 15 2018 18:36:39 by "java_re" with MS VC++ 10.0 (VS2010)

time: Fri Sep 18 16:57:19 2020
timezone: 中国标准时间
elapsed time: 0 seconds (0d 0h 0m 0s)

